<?xml version="1.0" encoding="UTF-8"?>
<!-- Generated by org.testng.reporters.JUnitXMLReporter -->
<testsuite hostname="Ashwins-MacBook-Pro.local" ignored="0" name="Cucumber Test2" tests="4" failures="1" timestamp="31 May 2017 08:11:11 GMT" time="269.593" errors="0">
  <testcase name="feature" time="177.492" classname="cucumber.api.testng.AbstractTestNGCucumberTests"/>
  <testcase name="feature" time="60.464" classname="cucumber.api.testng.AbstractTestNGCucumberTests"/>
  <testcase name="feature" time="9.406" classname="cucumber.api.testng.AbstractTestNGCucumberTests">
    <failure type="cucumber.runtime.CucumberException" message="java.lang.AssertionError: expected [Incorrect User-ID password. You have] but found [Incorrect User-ID passowrd. You have]">
      <![CDATA[cucumber.runtime.CucumberException: java.lang.AssertionError: expected [Incorrect User-ID password. You have] but found [Incorrect User-ID passowrd. You have]
	at cucumber.api.testng.TestNGCucumberRunner.runCucumber(TestNGCucumberRunner.java:69)
	at cucumber.api.testng.AbstractTestNGCucumberTests.feature(AbstractTestNGCucumberTests.java:21)
Caused by: java.lang.AssertionError: expected [Incorrect User-ID password. You have] but found [Incorrect User-ID passowrd. You have]
	at com.pageobjects.LoginPage.enterLoginDetails(LoginPage.java:29)
	at com.pagedefinitions.LoginPageStepDefinition.enterLoginDetails(LoginPageStepDefinition.java:18)
	at ✽.And you enter valid "ashwin" and "karangutkar"(LoginFeature.feature:5)
... Removed 31 stack frames]]>
    </failure>
  </testcase> <!-- feature -->
  <testcase name="feature" time="14.289" classname="cucumber.api.testng.AbstractTestNGCucumberTests"/>
</testsuite> <!-- Cucumber Test2 -->
