<?xml version="1.0" encoding="UTF-8"?>
<!-- Generated by org.testng.reporters.JUnitXMLReporter -->
<testsuite hostname="Ashwins-MacBook-Pro.local" ignored="0" name="Cucumber Test2" tests="4" failures="1" timestamp="31 May 2017 11:27:05 GMT" time="180.576" errors="0">
  <testcase name="feature" time="7.35" classname="cucumber.api.testng.AbstractTestNGCucumberTests"/>
  <testcase name="feature" time="148.003" classname="cucumber.api.testng.AbstractTestNGCucumberTests"/>
  <testcase name="feature" time="11.233" classname="cucumber.api.testng.AbstractTestNGCucumberTests">
    <failure type="cucumber.runtime.CucumberException" message="java.lang.AssertionError: expected [Incorrect User-ID password. You have] but found [You have entered an incorrect client id/email id/password to access ‘My Account’. You have 4 attempts left, post which, your access will get locked. After 4 attempts, kindly contact us at any of our touch points to unlock your access. You can reset your password using Forgot password option.]">
      <![CDATA[cucumber.runtime.CucumberException: java.lang.AssertionError: expected [Incorrect User-ID password. You have] but found [You have entered an incorrect client id/email id/password to access ‘My Account’. You have 4 attempts left, post which, your access will get locked. After 4 attempts, kindly contact us at any of our touch points to unlock your access. You can reset your password using Forgot password option.]
	at cucumber.api.testng.TestNGCucumberRunner.runCucumber(TestNGCucumberRunner.java:69)
	at cucumber.api.testng.AbstractTestNGCucumberTests.feature(AbstractTestNGCucumberTests.java:21)
Caused by: java.lang.AssertionError: expected [Incorrect User-ID password. You have] but found [You have entered an incorrect client id/email id/password to access ‘My Account’. You have 4 attempts left, post which, your access will get locked. After 4 attempts, kindly contact us at any of our touch points to unlock your access. You can reset your password using Forgot password option.]
	at com.pageobjects.LoginPage.verifyLogin(LoginPage.java:37)
	at com.pagedefinitions.LoginPageStepDefinition.check_whether_Login_Details_are_Correct(LoginPageStepDefinition.java:31)
	at ✽.Then Check whether Login Details are Correct(LoginFeature.feature:7)
... Removed 31 stack frames]]>
    </failure>
  </testcase> <!-- feature -->
  <testcase name="feature" time="6.305" classname="cucumber.api.testng.AbstractTestNGCucumberTests"/>
</testsuite> <!-- Cucumber Test2 -->
